<?xml version="1.0" encoding="UTF-8"?>
<!-- Generated by org.testng.reporters.JUnitXMLReporter -->
<testsuite ignored="0" hostname="LTIN513387" failures="0" tests="8" name="ChromeTest" time="156.249" errors="0" timestamp="2024-06-07T13:59:13 IST">
  <testcase classname="TestCases.be_cognizant_testcase" name="testUser" time="9.089"/>
  <testcase classname="TestCases.be_cognizant_testcase" name="testUserDetails" time="2.782"/>
  <testcase classname="TestCases.be_cognizant_testcase" name="AroundCognizant" time="2.271"/>
  <testcase classname="TestCases.be_cognizant_testcase" name="workonheader" time="18.56"/>
  <testcase classname="TestCases.be_cognizant_testcase" name="newsSelect" time="0.088"/>
  <testcase classname="TestCases.be_cognizant_testcase" name="seeAllNaviagtion" time="8.419"/>
  <testcase classname="TestCases.be_cognizant_testcase" name="newsValidation" time="20.785"/>
  <testcase classname="TestCases.be_cognizant_testcase" name="seeAllNewsHeader" time="70.406"/>
</testsuite> <!-- ChromeTest -->
