<?xml version="1.0" encoding="UTF-8"?>
<!-- Generated by org.testng.reporters.JUnitXMLReporter -->
<testsuite ignored="0" hostname="LTIN513387" failures="0" tests="8" name="EdgeTest" time="155.012" errors="0" timestamp="2024-06-07T13:56:37 IST">
  <testcase classname="TestCases.be_cognizant_testcase" name="testUser" time="8.424"/>
  <testcase classname="TestCases.be_cognizant_testcase" name="testUserDetails" time="2.484"/>
  <testcase classname="TestCases.be_cognizant_testcase" name="AroundCognizant" time="2.184"/>
  <testcase classname="TestCases.be_cognizant_testcase" name="workonheader" time="17.25"/>
  <testcase classname="TestCases.be_cognizant_testcase" name="newsSelect" time="0.093"/>
  <testcase classname="TestCases.be_cognizant_testcase" name="seeAllNaviagtion" time="8.342"/>
  <testcase classname="TestCases.be_cognizant_testcase" name="newsValidation" time="20.543"/>
  <testcase classname="TestCases.be_cognizant_testcase" name="seeAllNewsHeader" time="70.934"/>
</testsuite> <!-- EdgeTest -->
