<?xml version="1.0" encoding="UTF-8"?>
<!-- Generated by org.testng.reporters.JUnitXMLReporter -->
<testsuite ignored="2" hostname="LTIN487205" failures="0" tests="8" name="Test" time="121.019" errors="0" timestamp="2024-05-31T14:55:01 IST">
  <testcase classname="TestCases.be_cognizant_testcase" name="testUser" time="11.897"/>
  <testcase classname="TestCases.be_cognizant_testcase" name="testUserDetails" time="7.975"/>
  <testcase classname="TestCases.be_cognizant_testcase" name="AroundCognizant" time="2.536"/>
  <testcase classname="TestCases.be_cognizant_testcase" name="workonheader" time="0.948"/>
  <testcase classname="TestCases.be_cognizant_testcase" name="newsSelect" time="5.135"/>
  <testcase classname="TestCases.be_cognizant_testcase" name="seeAllNaviagtion" time="13.489"/>
  <testcase classname="TestCases.news_page_testcase" name="newsValidation" time="15.975"/>
  <testcase classname="TestCases.news_page_testcase" name="seeAllNewsHeader" time="62.921"/>
  <testcase classname="TestBase.baseClass" name="@BeforeSuite setUp" time="0.0">
    <ignored/>
  </testcase> <!-- @BeforeSuite setUp -->
  <testcase classname="TestCases.news_page_testcase" name="@AfterSuite tearDown" time="0.0">
    <ignored/>
  </testcase> <!-- @AfterSuite tearDown -->
</testsuite> <!-- Test -->
